The target system is: Android - 1 - i686
The host system is: Darwin - 20.3.0 - x86_64
Determining if the C compiler works passed with the following output:
Change Dir: /Users/szymonkapala/work/rea/react-native-reanimated/android/.cxx/cmake/debug/x86/CMakeFiles/CMakeTmp

Run Build Command:"/Users/szymonkapala/Library/Android/sdk/cmake/3.10.2.4988404/bin/ninja" "cmTC_7bb6e"
[1/2] Building C object CMakeFiles/cmTC_7bb6e.dir/testCCompiler.c.o
[2/2] Linking C executable cmTC_7bb6e


Detecting C compiler ABI info compiled with the following output:
Change Dir: /Users/szymonkapala/work/rea/react-native-reanimated/android/.cxx/cmake/debug/x86/CMakeFiles/CMakeTmp

Run Build Command:"/Users/szymonkapala/Library/Android/sdk/cmake/3.10.2.4988404/bin/ninja" "cmTC_da4d8"
[1/2] Building C object CMakeFiles/cmTC_da4d8.dir/CMakeCCompilerABI.c.o
[2/2] Linking C executable cmTC_da4d8
Android (5220042 based on r346389c) clang version 8.0.7 (https://android.googlesource.com/toolchain/clang b55f2d4ebfd35bf643d27dbca1bb228957008617) (https://android.googlesource.com/toolchain/llvm 3c393fe7a7e13b0fba4ac75a01aa683d7a5b11cd) (based on LLVM 8.0.7svn)
Target: i686-none-linux-android21
Thread model: posix
InstalledDir: /Users/szymonkapala/Library/Android/sdk/ndk/20.1.5948944/toolchains/llvm/prebuilt/darwin-x86_64/bin
Found candidate GCC installation: /Users/szymonkapala/Library/Android/sdk/ndk/20.1.5948944/toolchains/llvm/prebuilt/darwin-x86_64/lib/gcc/i686-linux-android/4.9.x
Found candidate GCC installation: /Users/szymonkapala/Library/Android/sdk/ndk/20.1.5948944/toolchains/llvm/prebuilt/darwin-x86_64/lib/gcc/x86_64-linux-android/4.9.x
Selected GCC installation: /Users/szymonkapala/Library/Android/sdk/ndk/20.1.5948944/toolchains/llvm/prebuilt/darwin-x86_64/lib/gcc/i686-linux-android/4.9.x
Candidate multilib: .;@m32
Selected multilib: .;@m32
 "/Users/szymonkapala/Library/Android/sdk/ndk/20.1.5948944/toolchains/llvm/prebuilt/darwin-x86_64/lib/gcc/i686-linux-android/4.9.x/../../../../i686-linux-android/bin/ld" --sysroot=/Users/szymonkapala/Library/Android/sdk/ndk/20.1.5948944/toolchains/llvm/prebuilt/darwin-x86_64/sysroot -pie -z now -z relro --hash-style=both --enable-new-dtags --eh-frame-hdr -m elf_i386 -dynamic-linker /system/bin/linker -o cmTC_da4d8 /Users/szymonkapala/Library/Android/sdk/ndk/20.1.5948944/toolchains/llvm/prebuilt/darwin-x86_64/sysroot/usr/lib/i686-linux-android/21/crtbegin_dynamic.o -L/Users/szymonkapala/Library/Android/sdk/ndk/20.1.5948944/toolchains/llvm/prebuilt/darwin-x86_64/lib64/clang/8.0.7/lib/linux/i386 -L/Users/szymonkapala/Library/Android/sdk/ndk/20.1.5948944/toolchains/llvm/prebuilt/darwin-x86_64/lib/gcc/i686-linux-android/4.9.x -L/Users/szymonkapala/Library/Android/sdk/ndk/20.1.5948944/toolchains/llvm/prebuilt/darwin-x86_64/sysroot/usr/lib/i686-linux-android/21 -L/Users/szymonkapala/Library/Android/sdk/ndk/20.1.5948944/toolchains/llvm/prebuilt/darwin-x86_64/sysroot/usr/lib/i686-linux-android -L/Users/szymonkapala/Library/Android/sdk/ndk/20.1.5948944/toolchains/llvm/prebuilt/darwin-x86_64/lib/gcc/i686-linux-android/4.9.x/../../../../i686-linux-android/lib -L/Users/szymonkapala/Library/Android/sdk/ndk/20.1.5948944/toolchains/llvm/prebuilt/darwin-x86_64/sysroot/usr/lib --exclude-libs libgcc.a --exclude-libs libatomic.a --build-id --warn-shared-textrel --fatal-warnings --no-undefined -z noexecstack --gc-sections CMakeFiles/cmTC_da4d8.dir/CMakeCCompilerABI.c.o -lgcc -ldl -lc -lgcc -ldl /Users/szymonkapala/Library/Android/sdk/ndk/20.1.5948944/toolchains/llvm/prebuilt/darwin-x86_64/sysroot/usr/lib/i686-linux-android/21/crtend_android.o


Parsed C implicit link information from above output:
  link line regex: [^( *|.*[/\])(i686-linux-android-ld|CMAKE_LINK_STARTFILE-NOTFOUND|([^/\]+-)?ld|collect2)[^/\]*( |$)]
  ignore line: [Change Dir: /Users/szymonkapala/work/rea/react-native-reanimated/android/.cxx/cmake/debug/x86/CMakeFiles/CMakeTmp]
  ignore line: []
  ignore line: [Run Build Command:"/Users/szymonkapala/Library/Android/sdk/cmake/3.10.2.4988404/bin/ninja" "cmTC_da4d8"]
  ignore line: [[1/2] Building C object CMakeFiles/cmTC_da4d8.dir/CMakeCCompilerABI.c.o]
  ignore line: [[2/2] Linking C executable cmTC_da4d8]
  ignore line: [Android (5220042 based on r346389c) clang version 8.0.7 (https://android.googlesource.com/toolchain/clang b55f2d4ebfd35bf643d27dbca1bb228957008617) (https://android.googlesource.com/toolchain/llvm 3c393fe7a7e13b0fba4ac75a01aa683d7a5b11cd) (based on LLVM 8.0.7svn)]
  ignore line: [Target: i686-none-linux-android21]
  ignore line: [Thread model: posix]
  ignore line: [InstalledDir: /Users/szymonkapala/Library/Android/sdk/ndk/20.1.5948944/toolchains/llvm/prebuilt/darwin-x86_64/bin]
  ignore line: [Found candidate GCC installation: /Users/szymonkapala/Library/Android/sdk/ndk/20.1.5948944/toolchains/llvm/prebuilt/darwin-x86_64/lib/gcc/i686-linux-android/4.9.x]
  ignore line: [Found candidate GCC installation: /Users/szymonkapala/Library/Android/sdk/ndk/20.1.5948944/toolchains/llvm/prebuilt/darwin-x86_64/lib/gcc/x86_64-linux-android/4.9.x]
  ignore line: [Selected GCC installation: /Users/szymonkapala/Library/Android/sdk/ndk/20.1.5948944/toolchains/llvm/prebuilt/darwin-x86_64/lib/gcc/i686-linux-android/4.9.x]
  ignore line: [Candidate multilib: .]
  ignore line: [@m32]
  ignore line: [Selected multilib: .]
  ignore line: [@m32]
  link line: [ "/Users/szymonkapala/Library/Android/sdk/ndk/20.1.5948944/toolchains/llvm/prebuilt/darwin-x86_64/lib/gcc/i686-linux-android/4.9.x/../../../../i686-linux-android/bin/ld" --sysroot=/Users/szymonkapala/Library/Android/sdk/ndk/20.1.5948944/toolchains/llvm/prebuilt/darwin-x86_64/sysroot -pie -z now -z relro --hash-style=both --enable-new-dtags --eh-frame-hdr -m elf_i386 -dynamic-linker /system/bin/linker -o cmTC_da4d8 /Users/szymonkapala/Library/Android/sdk/ndk/20.1.5948944/toolchains/llvm/prebuilt/darwin-x86_64/sysroot/usr/lib/i686-linux-android/21/crtbegin_dynamic.o -L/Users/szymonkapala/Library/Android/sdk/ndk/20.1.5948944/toolchains/llvm/prebuilt/darwin-x86_64/lib64/clang/8.0.7/lib/linux/i386 -L/Users/szymonkapala/Library/Android/sdk/ndk/20.1.5948944/toolchains/llvm/prebuilt/darwin-x86_64/lib/gcc/i686-linux-android/4.9.x -L/Users/szymonkapala/Library/Android/sdk/ndk/20.1.5948944/toolchains/llvm/prebuilt/darwin-x86_64/sysroot/usr/lib/i686-linux-android/21 -L/Users/szymonkapala/Library/Android/sdk/ndk/20.1.5948944/toolchains/llvm/prebuilt/darwin-x86_64/sysroot/usr/lib/i686-linux-android -L/Users/szymonkapala/Library/Android/sdk/ndk/20.1.5948944/toolchains/llvm/prebuilt/darwin-x86_64/lib/gcc/i686-linux-android/4.9.x/../../../../i686-linux-android/lib -L/Users/szymonkapala/Library/Android/sdk/ndk/20.1.5948944/toolchains/llvm/prebuilt/darwin-x86_64/sysroot/usr/lib --exclude-libs libgcc.a --exclude-libs libatomic.a --build-id --warn-shared-textrel --fatal-warnings --no-undefined -z noexecstack --gc-sections CMakeFiles/cmTC_da4d8.dir/CMakeCCompilerABI.c.o -lgcc -ldl -lc -lgcc -ldl /Users/szymonkapala/Library/Android/sdk/ndk/20.1.5948944/toolchains/llvm/prebuilt/darwin-x86_64/sysroot/usr/lib/i686-linux-android/21/crtend_android.o]
    arg [/Users/szymonkapala/Library/Android/sdk/ndk/20.1.5948944/toolchains/llvm/prebuilt/darwin-x86_64/lib/gcc/i686-linux-android/4.9.x/../../../../i686-linux-android/bin/ld] ==> ignore
    arg [--sysroot=/Users/szymonkapala/Library/Android/sdk/ndk/20.1.5948944/toolchains/llvm/prebuilt/darwin-x86_64/sysroot] ==> ignore
    arg [-pie] ==> ignore
    arg [-znow] ==> ignore
    arg [-zrelro] ==> ignore
    arg [--hash-style=both] ==> ignore
    arg [--enable-new-dtags] ==> ignore
    arg [--eh-frame-hdr] ==> ignore
    arg [-m] ==> ignore
    arg [elf_i386] ==> ignore
    arg [-dynamic-linker] ==> ignore
    arg [/system/bin/linker] ==> ignore
    arg [-o] ==> ignore
    arg [cmTC_da4d8] ==> ignore
    arg [/Users/szymonkapala/Library/Android/sdk/ndk/20.1.5948944/toolchains/llvm/prebuilt/darwin-x86_64/sysroot/usr/lib/i686-linux-android/21/crtbegin_dynamic.o] ==> ignore
    arg [-L/Users/szymonkapala/Library/Android/sdk/ndk/20.1.5948944/toolchains/llvm/prebuilt/darwin-x86_64/lib64/clang/8.0.7/lib/linux/i386] ==> dir [/Users/szymonkapala/Library/Android/sdk/ndk/20.1.5948944/toolchains/llvm/prebuilt/darwin-x86_64/lib64/clang/8.0.7/lib/linux/i386]
    arg [-L/Users/szymonkapala/Library/Android/sdk/ndk/20.1.5948944/toolchains/llvm/prebuilt/darwin-x86_64/lib/gcc/i686-linux-android/4.9.x] ==> dir [/Users/szymonkapala/Library/Android/sdk/ndk/20.1.5948944/toolchains/llvm/prebuilt/darwin-x86_64/lib/gcc/i686-linux-android/4.9.x]
    arg [-L/Users/szymonkapala/Library/Android/sdk/ndk/20.1.5948944/toolchains/llvm/prebuilt/darwin-x86_64/sysroot/usr/lib/i686-linux-android/21] ==> dir [/Users/szymonkapala/Library/Android/sdk/ndk/20.1.5948944/toolchains/llvm/prebuilt/darwin-x86_64/sysroot/usr/lib/i686-linux-android/21]
    arg [-L/Users/szymonkapala/Library/Android/sdk/ndk/20.1.5948944/toolchains/llvm/prebuilt/darwin-x86_64/sysroot/usr/lib/i686-linux-android] ==> dir [/Users/szymonkapala/Library/Android/sdk/ndk/20.1.5948944/toolchains/llvm/prebuilt/darwin-x86_64/sysroot/usr/lib/i686-linux-android]
    arg [-L/Users/szymonkapala/Library/Android/sdk/ndk/20.1.5948944/toolchains/llvm/prebuilt/darwin-x86_64/lib/gcc/i686-linux-android/4.9.x/../../../../i686-linux-android/lib] ==> dir [/Users/szymonkapala/Library/Android/sdk/ndk/20.1.5948944/toolchains/llvm/prebuilt/darwin-x86_64/lib/gcc/i686-linux-android/4.9.x/../../../../i686-linux-android/lib]
    arg [-L/Users/szymonkapala/Library/Android/sdk/ndk/20.1.5948944/toolchains/llvm/prebuilt/darwin-x86_64/sysroot/usr/lib] ==> dir [/Users/szymonkapala/Library/Android/sdk/ndk/20.1.5948944/toolchains/llvm/prebuilt/darwin-x86_64/sysroot/usr/lib]
    arg [--exclude-libs] ==> ignore
    arg [libgcc.a] ==> ignore
    arg [--exclude-libs] ==> ignore
    arg [libatomic.a] ==> ignore
    arg [--build-id] ==> ignore
    arg [--warn-shared-textrel] ==> ignore
    arg [--fatal-warnings] ==> ignore
    arg [--no-undefined] ==> ignore
    arg [-znoexecstack] ==> ignore
    arg [--gc-sections] ==> ignore
    arg [CMakeFiles/cmTC_da4d8.dir/CMakeCCompilerABI.c.o] ==> ignore
    arg [-lgcc] ==> lib [gcc]
    arg [-ldl] ==> lib [dl]
    arg [-lc] ==> lib [c]
    arg [-lgcc] ==> lib [gcc]
    arg [-ldl] ==> lib [dl]
    arg [/Users/szymonkapala/Library/Android/sdk/ndk/20.1.5948944/toolchains/llvm/prebuilt/darwin-x86_64/sysroot/usr/lib/i686-linux-android/21/crtend_android.o] ==> ignore
  collapse library dir [/Users/szymonkapala/Library/Android/sdk/ndk/20.1.5948944/toolchains/llvm/prebuilt/darwin-x86_64/lib64/clang/8.0.7/lib/linux/i386] ==> [/Users/szymonkapala/Library/Android/sdk/ndk/20.1.5948944/toolchains/llvm/prebuilt/darwin-x86_64/lib64/clang/8.0.7/lib/linux/i386]
  collapse library dir [/Users/szymonkapala/Library/Android/sdk/ndk/20.1.5948944/toolchains/llvm/prebuilt/darwin-x86_64/lib/gcc/i686-linux-android/4.9.x] ==> [/Users/szymonkapala/Library/Android/sdk/ndk/20.1.5948944/toolchains/llvm/prebuilt/darwin-x86_64/lib/gcc/i686-linux-android/4.9.x]
  collapse library dir [/Users/szymonkapala/Library/Android/sdk/ndk/20.1.5948944/toolchains/llvm/prebuilt/darwin-x86_64/sysroot/usr/lib/i686-linux-android/21] ==> [/Users/szymonkapala/Library/Android/sdk/ndk/20.1.5948944/toolchains/llvm/prebuilt/darwin-x86_64/sysroot/usr/lib/i686-linux-android/21]
  collapse library dir [/Users/szymonkapala/Library/Android/sdk/ndk/20.1.5948944/toolchains/llvm/prebuilt/darwin-x86_64/sysroot/usr/lib/i686-linux-android] ==> [/Users/szymonkapala/Library/Android/sdk/ndk/20.1.5948944/toolchains/llvm/prebuilt/darwin-x86_64/sysroot/usr/lib/i686-linux-android]
  collapse library dir [/Users/szymonkapala/Library/Android/sdk/ndk/20.1.5948944/toolchains/llvm/prebuilt/darwin-x86_64/lib/gcc/i686-linux-android/4.9.x/../../../../i686-linux-android/lib] ==> [/Users/szymonkapala/Library/Android/sdk/ndk/20.1.5948944/toolchains/llvm/prebuilt/darwin-x86_64/i686-linux-android/lib]
  collapse library dir [/Users/szymonkapala/Library/Android/sdk/ndk/20.1.5948944/toolchains/llvm/prebuilt/darwin-x86_64/sysroot/usr/lib] ==> [/Users/szymonkapala/Library/Android/sdk/ndk/20.1.5948944/toolchains/llvm/prebuilt/darwin-x86_64/sysroot/usr/lib]
  implicit libs: [gcc;dl;c;gcc;dl]
  implicit dirs: [/Users/szymonkapala/Library/Android/sdk/ndk/20.1.5948944/toolchains/llvm/prebuilt/darwin-x86_64/lib64/clang/8.0.7/lib/linux/i386;/Users/szymonkapala/Library/Android/sdk/ndk/20.1.5948944/toolchains/llvm/prebuilt/darwin-x86_64/lib/gcc/i686-linux-android/4.9.x;/Users/szymonkapala/Library/Android/sdk/ndk/20.1.5948944/toolchains/llvm/prebuilt/darwin-x86_64/sysroot/usr/lib/i686-linux-android/21;/Users/szymonkapala/Library/Android/sdk/ndk/20.1.5948944/toolchains/llvm/prebuilt/darwin-x86_64/sysroot/usr/lib/i686-linux-android;/Users/szymonkapala/Library/Android/sdk/ndk/20.1.5948944/toolchains/llvm/prebuilt/darwin-x86_64/i686-linux-android/lib;/Users/szymonkapala/Library/Android/sdk/ndk/20.1.5948944/toolchains/llvm/prebuilt/darwin-x86_64/sysroot/usr/lib]
  implicit fwks: []




Detecting C [-std=c11] compiler features compiled with the following output:
Change Dir: /Users/szymonkapala/work/rea/react-native-reanimated/android/.cxx/cmake/debug/x86/CMakeFiles/CMakeTmp

Run Build Command:"/Users/szymonkapala/Library/Android/sdk/cmake/3.10.2.4988404/bin/ninja" "cmTC_4d86f"
[1/2] Building C object CMakeFiles/cmTC_4d86f.dir/feature_tests.c.o
[2/2] Linking C executable cmTC_4d86f


    Feature record: C_FEATURE:1c_function_prototypes
    Feature record: C_FEATURE:1c_restrict
    Feature record: C_FEATURE:1c_static_assert
    Feature record: C_FEATURE:1c_variadic_macros


Detecting C [-std=c99] compiler features compiled with the following output:
Change Dir: /Users/szymonkapala/work/rea/react-native-reanimated/android/.cxx/cmake/debug/x86/CMakeFiles/CMakeTmp

Run Build Command:"/Users/szymonkapala/Library/Android/sdk/cmake/3.10.2.4988404/bin/ninja" "cmTC_c6dca"
[1/2] Building C object CMakeFiles/cmTC_c6dca.dir/feature_tests.c.o
[2/2] Linking C executable cmTC_c6dca


    Feature record: C_FEATURE:1c_function_prototypes
    Feature record: C_FEATURE:1c_restrict
    Feature record: C_FEATURE:0c_static_assert
    Feature record: C_FEATURE:1c_variadic_macros


Detecting C [-std=c90] compiler features compiled with the following output:
Change Dir: /Users/szymonkapala/work/rea/react-native-reanimated/android/.cxx/cmake/debug/x86/CMakeFiles/CMakeTmp

Run Build Command:"/Users/szymonkapala/Library/Android/sdk/cmake/3.10.2.4988404/bin/ninja" "cmTC_7d726"
[1/2] Building C object CMakeFiles/cmTC_7d726.dir/feature_tests.c.o
[2/2] Linking C executable cmTC_7d726


    Feature record: C_FEATURE:1c_function_prototypes
    Feature record: C_FEATURE:0c_restrict
    Feature record: C_FEATURE:0c_static_assert
    Feature record: C_FEATURE:0c_variadic_macros
Determining if the CXX compiler works passed with the following output:
Change Dir: /Users/szymonkapala/work/rea/react-native-reanimated/android/.cxx/cmake/debug/x86/CMakeFiles/CMakeTmp

Run Build Command:"/Users/szymonkapala/Library/Android/sdk/cmake/3.10.2.4988404/bin/ninja" "cmTC_cb6fa"
[1/2] Building CXX object CMakeFiles/cmTC_cb6fa.dir/testCXXCompiler.cxx.o
[2/2] Linking CXX executable cmTC_cb6fa


Detecting CXX compiler ABI info compiled with the following output:
Change Dir: /Users/szymonkapala/work/rea/react-native-reanimated/android/.cxx/cmake/debug/x86/CMakeFiles/CMakeTmp

Run Build Command:"/Users/szymonkapala/Library/Android/sdk/cmake/3.10.2.4988404/bin/ninja" "cmTC_d8e00"
[1/2] Building CXX object CMakeFiles/cmTC_d8e00.dir/CMakeCXXCompilerABI.cpp.o
[2/2] Linking CXX executable cmTC_d8e00
Android (5220042 based on r346389c) clang version 8.0.7 (https://android.googlesource.com/toolchain/clang b55f2d4ebfd35bf643d27dbca1bb228957008617) (https://android.googlesource.com/toolchain/llvm 3c393fe7a7e13b0fba4ac75a01aa683d7a5b11cd) (based on LLVM 8.0.7svn)
Target: i686-none-linux-android21
Thread model: posix
InstalledDir: /Users/szymonkapala/Library/Android/sdk/ndk/20.1.5948944/toolchains/llvm/prebuilt/darwin-x86_64/bin
Found candidate GCC installation: /Users/szymonkapala/Library/Android/sdk/ndk/20.1.5948944/toolchains/llvm/prebuilt/darwin-x86_64/lib/gcc/i686-linux-android/4.9.x
Found candidate GCC installation: /Users/szymonkapala/Library/Android/sdk/ndk/20.1.5948944/toolchains/llvm/prebuilt/darwin-x86_64/lib/gcc/x86_64-linux-android/4.9.x
Selected GCC installation: /Users/szymonkapala/Library/Android/sdk/ndk/20.1.5948944/toolchains/llvm/prebuilt/darwin-x86_64/lib/gcc/i686-linux-android/4.9.x
Candidate multilib: .;@m32
Selected multilib: .;@m32
 "/Users/szymonkapala/Library/Android/sdk/ndk/20.1.5948944/toolchains/llvm/prebuilt/darwin-x86_64/lib/gcc/i686-linux-android/4.9.x/../../../../i686-linux-android/bin/ld" --sysroot=/Users/szymonkapala/Library/Android/sdk/ndk/20.1.5948944/toolchains/llvm/prebuilt/darwin-x86_64/sysroot -pie -z now -z relro --hash-style=both --enable-new-dtags --eh-frame-hdr -m elf_i386 -dynamic-linker /system/bin/linker -o cmTC_d8e00 /Users/szymonkapala/Library/Android/sdk/ndk/20.1.5948944/toolchains/llvm/prebuilt/darwin-x86_64/sysroot/usr/lib/i686-linux-android/21/crtbegin_dynamic.o -L/Users/szymonkapala/Library/Android/sdk/ndk/20.1.5948944/toolchains/llvm/prebuilt/darwin-x86_64/lib64/clang/8.0.7/lib/linux/i386 -L/Users/szymonkapala/Library/Android/sdk/ndk/20.1.5948944/toolchains/llvm/prebuilt/darwin-x86_64/lib/gcc/i686-linux-android/4.9.x -L/Users/szymonkapala/Library/Android/sdk/ndk/20.1.5948944/toolchains/llvm/prebuilt/darwin-x86_64/sysroot/usr/lib/i686-linux-android/21 -L/Users/szymonkapala/Library/Android/sdk/ndk/20.1.5948944/toolchains/llvm/prebuilt/darwin-x86_64/sysroot/usr/lib/i686-linux-android -L/Users/szymonkapala/Library/Android/sdk/ndk/20.1.5948944/toolchains/llvm/prebuilt/darwin-x86_64/lib/gcc/i686-linux-android/4.9.x/../../../../i686-linux-android/lib -L/Users/szymonkapala/Library/Android/sdk/ndk/20.1.5948944/toolchains/llvm/prebuilt/darwin-x86_64/sysroot/usr/lib --exclude-libs libgcc.a --exclude-libs libatomic.a --build-id --warn-shared-textrel --fatal-warnings --no-undefined -z noexecstack --gc-sections CMakeFiles/cmTC_d8e00.dir/CMakeCXXCompilerABI.cpp.o -lc++ -lm -lgcc -ldl -lc -lgcc -ldl /Users/szymonkapala/Library/Android/sdk/ndk/20.1.5948944/toolchains/llvm/prebuilt/darwin-x86_64/sysroot/usr/lib/i686-linux-android/21/crtend_android.o


Parsed CXX implicit link information from above output:
  link line regex: [^( *|.*[/\])(i686-linux-android-ld|CMAKE_LINK_STARTFILE-NOTFOUND|([^/\]+-)?ld|collect2)[^/\]*( |$)]
  ignore line: [Change Dir: /Users/szymonkapala/work/rea/react-native-reanimated/android/.cxx/cmake/debug/x86/CMakeFiles/CMakeTmp]
  ignore line: []
  ignore line: [Run Build Command:"/Users/szymonkapala/Library/Android/sdk/cmake/3.10.2.4988404/bin/ninja" "cmTC_d8e00"]
  ignore line: [[1/2] Building CXX object CMakeFiles/cmTC_d8e00.dir/CMakeCXXCompilerABI.cpp.o]
  ignore line: [[2/2] Linking CXX executable cmTC_d8e00]
  ignore line: [Android (5220042 based on r346389c) clang version 8.0.7 (https://android.googlesource.com/toolchain/clang b55f2d4ebfd35bf643d27dbca1bb228957008617) (https://android.googlesource.com/toolchain/llvm 3c393fe7a7e13b0fba4ac75a01aa683d7a5b11cd) (based on LLVM 8.0.7svn)]
  ignore line: [Target: i686-none-linux-android21]
  ignore line: [Thread model: posix]
  ignore line: [InstalledDir: /Users/szymonkapala/Library/Android/sdk/ndk/20.1.5948944/toolchains/llvm/prebuilt/darwin-x86_64/bin]
  ignore line: [Found candidate GCC installation: /Users/szymonkapala/Library/Android/sdk/ndk/20.1.5948944/toolchains/llvm/prebuilt/darwin-x86_64/lib/gcc/i686-linux-android/4.9.x]
  ignore line: [Found candidate GCC installation: /Users/szymonkapala/Library/Android/sdk/ndk/20.1.5948944/toolchains/llvm/prebuilt/darwin-x86_64/lib/gcc/x86_64-linux-android/4.9.x]
  ignore line: [Selected GCC installation: /Users/szymonkapala/Library/Android/sdk/ndk/20.1.5948944/toolchains/llvm/prebuilt/darwin-x86_64/lib/gcc/i686-linux-android/4.9.x]
  ignore line: [Candidate multilib: .]
  ignore line: [@m32]
  ignore line: [Selected multilib: .]
  ignore line: [@m32]
  link line: [ "/Users/szymonkapala/Library/Android/sdk/ndk/20.1.5948944/toolchains/llvm/prebuilt/darwin-x86_64/lib/gcc/i686-linux-android/4.9.x/../../../../i686-linux-android/bin/ld" --sysroot=/Users/szymonkapala/Library/Android/sdk/ndk/20.1.5948944/toolchains/llvm/prebuilt/darwin-x86_64/sysroot -pie -z now -z relro --hash-style=both --enable-new-dtags --eh-frame-hdr -m elf_i386 -dynamic-linker /system/bin/linker -o cmTC_d8e00 /Users/szymonkapala/Library/Android/sdk/ndk/20.1.5948944/toolchains/llvm/prebuilt/darwin-x86_64/sysroot/usr/lib/i686-linux-android/21/crtbegin_dynamic.o -L/Users/szymonkapala/Library/Android/sdk/ndk/20.1.5948944/toolchains/llvm/prebuilt/darwin-x86_64/lib64/clang/8.0.7/lib/linux/i386 -L/Users/szymonkapala/Library/Android/sdk/ndk/20.1.5948944/toolchains/llvm/prebuilt/darwin-x86_64/lib/gcc/i686-linux-android/4.9.x -L/Users/szymonkapala/Library/Android/sdk/ndk/20.1.5948944/toolchains/llvm/prebuilt/darwin-x86_64/sysroot/usr/lib/i686-linux-android/21 -L/Users/szymonkapala/Library/Android/sdk/ndk/20.1.5948944/toolchains/llvm/prebuilt/darwin-x86_64/sysroot/usr/lib/i686-linux-android -L/Users/szymonkapala/Library/Android/sdk/ndk/20.1.5948944/toolchains/llvm/prebuilt/darwin-x86_64/lib/gcc/i686-linux-android/4.9.x/../../../../i686-linux-android/lib -L/Users/szymonkapala/Library/Android/sdk/ndk/20.1.5948944/toolchains/llvm/prebuilt/darwin-x86_64/sysroot/usr/lib --exclude-libs libgcc.a --exclude-libs libatomic.a --build-id --warn-shared-textrel --fatal-warnings --no-undefined -z noexecstack --gc-sections CMakeFiles/cmTC_d8e00.dir/CMakeCXXCompilerABI.cpp.o -lc++ -lm -lgcc -ldl -lc -lgcc -ldl /Users/szymonkapala/Library/Android/sdk/ndk/20.1.5948944/toolchains/llvm/prebuilt/darwin-x86_64/sysroot/usr/lib/i686-linux-android/21/crtend_android.o]
    arg [/Users/szymonkapala/Library/Android/sdk/ndk/20.1.5948944/toolchains/llvm/prebuilt/darwin-x86_64/lib/gcc/i686-linux-android/4.9.x/../../../../i686-linux-android/bin/ld] ==> ignore
    arg [--sysroot=/Users/szymonkapala/Library/Android/sdk/ndk/20.1.5948944/toolchains/llvm/prebuilt/darwin-x86_64/sysroot] ==> ignore
    arg [-pie] ==> ignore
    arg [-znow] ==> ignore
    arg [-zrelro] ==> ignore
    arg [--hash-style=both] ==> ignore
    arg [--enable-new-dtags] ==> ignore
    arg [--eh-frame-hdr] ==> ignore
    arg [-m] ==> ignore
    arg [elf_i386] ==> ignore
    arg [-dynamic-linker] ==> ignore
    arg [/system/bin/linker] ==> ignore
    arg [-o] ==> ignore
    arg [cmTC_d8e00] ==> ignore
    arg [/Users/szymonkapala/Library/Android/sdk/ndk/20.1.5948944/toolchains/llvm/prebuilt/darwin-x86_64/sysroot/usr/lib/i686-linux-android/21/crtbegin_dynamic.o] ==> ignore
    arg [-L/Users/szymonkapala/Library/Android/sdk/ndk/20.1.5948944/toolchains/llvm/prebuilt/darwin-x86_64/lib64/clang/8.0.7/lib/linux/i386] ==> dir [/Users/szymonkapala/Library/Android/sdk/ndk/20.1.5948944/toolchains/llvm/prebuilt/darwin-x86_64/lib64/clang/8.0.7/lib/linux/i386]
    arg [-L/Users/szymonkapala/Library/Android/sdk/ndk/20.1.5948944/toolchains/llvm/prebuilt/darwin-x86_64/lib/gcc/i686-linux-android/4.9.x] ==> dir [/Users/szymonkapala/Library/Android/sdk/ndk/20.1.5948944/toolchains/llvm/prebuilt/darwin-x86_64/lib/gcc/i686-linux-android/4.9.x]
    arg [-L/Users/szymonkapala/Library/Android/sdk/ndk/20.1.5948944/toolchains/llvm/prebuilt/darwin-x86_64/sysroot/usr/lib/i686-linux-android/21] ==> dir [/Users/szymonkapala/Library/Android/sdk/ndk/20.1.5948944/toolchains/llvm/prebuilt/darwin-x86_64/sysroot/usr/lib/i686-linux-android/21]
    arg [-L/Users/szymonkapala/Library/Android/sdk/ndk/20.1.5948944/toolchains/llvm/prebuilt/darwin-x86_64/sysroot/usr/lib/i686-linux-android] ==> dir [/Users/szymonkapala/Library/Android/sdk/ndk/20.1.5948944/toolchains/llvm/prebuilt/darwin-x86_64/sysroot/usr/lib/i686-linux-android]
    arg [-L/Users/szymonkapala/Library/Android/sdk/ndk/20.1.5948944/toolchains/llvm/prebuilt/darwin-x86_64/lib/gcc/i686-linux-android/4.9.x/../../../../i686-linux-android/lib] ==> dir [/Users/szymonkapala/Library/Android/sdk/ndk/20.1.5948944/toolchains/llvm/prebuilt/darwin-x86_64/lib/gcc/i686-linux-android/4.9.x/../../../../i686-linux-android/lib]
    arg [-L/Users/szymonkapala/Library/Android/sdk/ndk/20.1.5948944/toolchains/llvm/prebuilt/darwin-x86_64/sysroot/usr/lib] ==> dir [/Users/szymonkapala/Library/Android/sdk/ndk/20.1.5948944/toolchains/llvm/prebuilt/darwin-x86_64/sysroot/usr/lib]
    arg [--exclude-libs] ==> ignore
    arg [libgcc.a] ==> ignore
    arg [--exclude-libs] ==> ignore
    arg [libatomic.a] ==> ignore
    arg [--build-id] ==> ignore
    arg [--warn-shared-textrel] ==> ignore
    arg [--fatal-warnings] ==> ignore
    arg [--no-undefined] ==> ignore
    arg [-znoexecstack] ==> ignore
    arg [--gc-sections] ==> ignore
    arg [CMakeFiles/cmTC_d8e00.dir/CMakeCXXCompilerABI.cpp.o] ==> ignore
    arg [-lc++] ==> lib [c++]
    arg [-lm] ==> lib [m]
    arg [-lgcc] ==> lib [gcc]
    arg [-ldl] ==> lib [dl]
    arg [-lc] ==> lib [c]
    arg [-lgcc] ==> lib [gcc]
    arg [-ldl] ==> lib [dl]
    arg [/Users/szymonkapala/Library/Android/sdk/ndk/20.1.5948944/toolchains/llvm/prebuilt/darwin-x86_64/sysroot/usr/lib/i686-linux-android/21/crtend_android.o] ==> ignore
  collapse library dir [/Users/szymonkapala/Library/Android/sdk/ndk/20.1.5948944/toolchains/llvm/prebuilt/darwin-x86_64/lib64/clang/8.0.7/lib/linux/i386] ==> [/Users/szymonkapala/Library/Android/sdk/ndk/20.1.5948944/toolchains/llvm/prebuilt/darwin-x86_64/lib64/clang/8.0.7/lib/linux/i386]
  collapse library dir [/Users/szymonkapala/Library/Android/sdk/ndk/20.1.5948944/toolchains/llvm/prebuilt/darwin-x86_64/lib/gcc/i686-linux-android/4.9.x] ==> [/Users/szymonkapala/Library/Android/sdk/ndk/20.1.5948944/toolchains/llvm/prebuilt/darwin-x86_64/lib/gcc/i686-linux-android/4.9.x]
  collapse library dir [/Users/szymonkapala/Library/Android/sdk/ndk/20.1.5948944/toolchains/llvm/prebuilt/darwin-x86_64/sysroot/usr/lib/i686-linux-android/21] ==> [/Users/szymonkapala/Library/Android/sdk/ndk/20.1.5948944/toolchains/llvm/prebuilt/darwin-x86_64/sysroot/usr/lib/i686-linux-android/21]
  collapse library dir [/Users/szymonkapala/Library/Android/sdk/ndk/20.1.5948944/toolchains/llvm/prebuilt/darwin-x86_64/sysroot/usr/lib/i686-linux-android] ==> [/Users/szymonkapala/Library/Android/sdk/ndk/20.1.5948944/toolchains/llvm/prebuilt/darwin-x86_64/sysroot/usr/lib/i686-linux-android]
  collapse library dir [/Users/szymonkapala/Library/Android/sdk/ndk/20.1.5948944/toolchains/llvm/prebuilt/darwin-x86_64/lib/gcc/i686-linux-android/4.9.x/../../../../i686-linux-android/lib] ==> [/Users/szymonkapala/Library/Android/sdk/ndk/20.1.5948944/toolchains/llvm/prebuilt/darwin-x86_64/i686-linux-android/lib]
  collapse library dir [/Users/szymonkapala/Library/Android/sdk/ndk/20.1.5948944/toolchains/llvm/prebuilt/darwin-x86_64/sysroot/usr/lib] ==> [/Users/szymonkapala/Library/Android/sdk/ndk/20.1.5948944/toolchains/llvm/prebuilt/darwin-x86_64/sysroot/usr/lib]
  implicit libs: [c++;m;gcc;dl;c;gcc;dl]
  implicit dirs: [/Users/szymonkapala/Library/Android/sdk/ndk/20.1.5948944/toolchains/llvm/prebuilt/darwin-x86_64/lib64/clang/8.0.7/lib/linux/i386;/Users/szymonkapala/Library/Android/sdk/ndk/20.1.5948944/toolchains/llvm/prebuilt/darwin-x86_64/lib/gcc/i686-linux-android/4.9.x;/Users/szymonkapala/Library/Android/sdk/ndk/20.1.5948944/toolchains/llvm/prebuilt/darwin-x86_64/sysroot/usr/lib/i686-linux-android/21;/Users/szymonkapala/Library/Android/sdk/ndk/20.1.5948944/toolchains/llvm/prebuilt/darwin-x86_64/sysroot/usr/lib/i686-linux-android;/Users/szymonkapala/Library/Android/sdk/ndk/20.1.5948944/toolchains/llvm/prebuilt/darwin-x86_64/i686-linux-android/lib;/Users/szymonkapala/Library/Android/sdk/ndk/20.1.5948944/toolchains/llvm/prebuilt/darwin-x86_64/sysroot/usr/lib]
  implicit fwks: []




Detecting CXX [-std=c++1z] compiler features compiled with the following output:
Change Dir: /Users/szymonkapala/work/rea/react-native-reanimated/android/.cxx/cmake/debug/x86/CMakeFiles/CMakeTmp

Run Build Command:"/Users/szymonkapala/Library/Android/sdk/cmake/3.10.2.4988404/bin/ninja" "cmTC_da055"
[1/2] Building CXX object CMakeFiles/cmTC_da055.dir/feature_tests.cxx.o
[2/2] Linking CXX executable cmTC_da055


    Feature record: CXX_FEATURE:1cxx_aggregate_default_initializers
    Feature record: CXX_FEATURE:1cxx_alias_templates
    Feature record: CXX_FEATURE:1cxx_alignas
    Feature record: CXX_FEATURE:1cxx_alignof
    Feature record: CXX_FEATURE:1cxx_attributes
    Feature record: CXX_FEATURE:1cxx_attribute_deprecated
    Feature record: CXX_FEATURE:1cxx_auto_type
    Feature record: CXX_FEATURE:1cxx_binary_literals
    Feature record: CXX_FEATURE:1cxx_constexpr
    Feature record: CXX_FEATURE:1cxx_contextual_conversions
    Feature record: CXX_FEATURE:1cxx_decltype
    Feature record: CXX_FEATURE:1cxx_decltype_auto
    Feature record: CXX_FEATURE:1cxx_decltype_incomplete_return_types
    Feature record: CXX_FEATURE:1cxx_default_function_template_args
    Feature record: CXX_FEATURE:1cxx_defaulted_functions
    Feature record: CXX_FEATURE:1cxx_defaulted_move_initializers
    Feature record: CXX_FEATURE:1cxx_delegating_constructors
    Feature record: CXX_FEATURE:1cxx_deleted_functions
    Feature record: CXX_FEATURE:1cxx_digit_separators
    Feature record: CXX_FEATURE:1cxx_enum_forward_declarations
    Feature record: CXX_FEATURE:1cxx_explicit_conversions
    Feature record: CXX_FEATURE:1cxx_extended_friend_declarations
    Feature record: CXX_FEATURE:1cxx_extern_templates
    Feature record: CXX_FEATURE:1cxx_final
    Feature record: CXX_FEATURE:1cxx_func_identifier
    Feature record: CXX_FEATURE:1cxx_generalized_initializers
    Feature record: CXX_FEATURE:1cxx_generic_lambdas
    Feature record: CXX_FEATURE:1cxx_inheriting_constructors
    Feature record: CXX_FEATURE:1cxx_inline_namespaces
    Feature record: CXX_FEATURE:1cxx_lambdas
    Feature record: CXX_FEATURE:1cxx_lambda_init_captures
    Feature record: CXX_FEATURE:1cxx_local_type_template_args
    Feature record: CXX_FEATURE:1cxx_long_long_type
    Feature record: CXX_FEATURE:1cxx_noexcept
    Feature record: CXX_FEATURE:1cxx_nonstatic_member_init
    Feature record: CXX_FEATURE:1cxx_nullptr
    Feature record: CXX_FEATURE:1cxx_override
    Feature record: CXX_FEATURE:1cxx_range_for
    Feature record: CXX_FEATURE:1cxx_raw_string_literals
    Feature record: CXX_FEATURE:1cxx_reference_qualified_functions
    Feature record: CXX_FEATURE:1cxx_relaxed_constexpr
    Feature record: CXX_FEATURE:1cxx_return_type_deduction
    Feature record: CXX_FEATURE:1cxx_right_angle_brackets
    Feature record: CXX_FEATURE:1cxx_rvalue_references
    Feature record: CXX_FEATURE:1cxx_sizeof_member
    Feature record: CXX_FEATURE:1cxx_static_assert
    Feature record: CXX_FEATURE:1cxx_strong_enums
    Feature record: CXX_FEATURE:1cxx_template_template_parameters
    Feature record: CXX_FEATURE:1cxx_thread_local
    Feature record: CXX_FEATURE:1cxx_trailing_return_types
    Feature record: CXX_FEATURE:1cxx_unicode_literals
    Feature record: CXX_FEATURE:1cxx_uniform_initialization
    Feature record: CXX_FEATURE:1cxx_unrestricted_unions
    Feature record: CXX_FEATURE:1cxx_user_literals
    Feature record: CXX_FEATURE:1cxx_variable_templates
    Feature record: CXX_FEATURE:1cxx_variadic_macros
    Feature record: CXX_FEATURE:1cxx_variadic_templates


Detecting CXX [-std=c++14] compiler features compiled with the following output:
Change Dir: /Users/szymonkapala/work/rea/react-native-reanimated/android/.cxx/cmake/debug/x86/CMakeFiles/CMakeTmp

Run Build Command:"/Users/szymonkapala/Library/Android/sdk/cmake/3.10.2.4988404/bin/ninja" "cmTC_6d16e"
[1/2] Building CXX object CMakeFiles/cmTC_6d16e.dir/feature_tests.cxx.o
[2/2] Linking CXX executable cmTC_6d16e


    Feature record: CXX_FEATURE:1cxx_aggregate_default_initializers
    Feature record: CXX_FEATURE:1cxx_alias_templates
    Feature record: CXX_FEATURE:1cxx_alignas
    Feature record: CXX_FEATURE:1cxx_alignof
    Feature record: CXX_FEATURE:1cxx_attributes
    Feature record: CXX_FEATURE:1cxx_attribute_deprecated
    Feature record: CXX_FEATURE:1cxx_auto_type
    Feature record: CXX_FEATURE:1cxx_binary_literals
    Feature record: CXX_FEATURE:1cxx_constexpr
    Feature record: CXX_FEATURE:1cxx_contextual_conversions
    Feature record: CXX_FEATURE:1cxx_decltype
    Feature record: CXX_FEATURE:1cxx_decltype_auto
    Feature record: CXX_FEATURE:1cxx_decltype_incomplete_return_types
    Feature record: CXX_FEATURE:1cxx_default_function_template_args
    Feature record: CXX_FEATURE:1cxx_defaulted_functions
    Feature record: CXX_FEATURE:1cxx_defaulted_move_initializers
    Feature record: CXX_FEATURE:1cxx_delegating_constructors
    Feature record: CXX_FEATURE:1cxx_deleted_functions
    Feature record: CXX_FEATURE:1cxx_digit_separators
    Feature record: CXX_FEATURE:1cxx_enum_forward_declarations
    Feature record: CXX_FEATURE:1cxx_explicit_conversions
    Feature record: CXX_FEATURE:1cxx_extended_friend_declarations
    Feature record: CXX_FEATURE:1cxx_extern_templates
    Feature record: CXX_FEATURE:1cxx_final
    Feature record: CXX_FEATURE:1cxx_func_identifier
    Feature record: CXX_FEATURE:1cxx_generalized_initializers
    Feature record: CXX_FEATURE:1cxx_generic_lambdas
    Feature record: CXX_FEATURE:1cxx_inheriting_constructors
    Feature record: CXX_FEATURE:1cxx_inline_namespaces
    Feature record: CXX_FEATURE:1cxx_lambdas
    Feature record: CXX_FEATURE:1cxx_lambda_init_captures
    Feature record: CXX_FEATURE:1cxx_local_type_template_args
    Feature record: CXX_FEATURE:1cxx_long_long_type
    Feature record: CXX_FEATURE:1cxx_noexcept
    Feature record: CXX_FEATURE:1cxx_nonstatic_member_init
    Feature record: CXX_FEATURE:1cxx_nullptr
    Feature record: CXX_FEATURE:1cxx_override
    Feature record: CXX_FEATURE:1cxx_range_for
    Feature record: CXX_FEATURE:1cxx_raw_string_literals
    Feature record: CXX_FEATURE:1cxx_reference_qualified_functions
    Feature record: CXX_FEATURE:1cxx_relaxed_constexpr
    Feature record: CXX_FEATURE:1cxx_return_type_deduction
    Feature record: CXX_FEATURE:1cxx_right_angle_brackets
    Feature record: CXX_FEATURE:1cxx_rvalue_references
    Feature record: CXX_FEATURE:1cxx_sizeof_member
    Feature record: CXX_FEATURE:1cxx_static_assert
    Feature record: CXX_FEATURE:1cxx_strong_enums
    Feature record: CXX_FEATURE:1cxx_template_template_parameters
    Feature record: CXX_FEATURE:1cxx_thread_local
    Feature record: CXX_FEATURE:1cxx_trailing_return_types
    Feature record: CXX_FEATURE:1cxx_unicode_literals
    Feature record: CXX_FEATURE:1cxx_uniform_initialization
    Feature record: CXX_FEATURE:1cxx_unrestricted_unions
    Feature record: CXX_FEATURE:1cxx_user_literals
    Feature record: CXX_FEATURE:1cxx_variable_templates
    Feature record: CXX_FEATURE:1cxx_variadic_macros
    Feature record: CXX_FEATURE:1cxx_variadic_templates


Detecting CXX [-std=c++11] compiler features compiled with the following output:
Change Dir: /Users/szymonkapala/work/rea/react-native-reanimated/android/.cxx/cmake/debug/x86/CMakeFiles/CMakeTmp

Run Build Command:"/Users/szymonkapala/Library/Android/sdk/cmake/3.10.2.4988404/bin/ninja" "cmTC_8c33e"
[1/2] Building CXX object CMakeFiles/cmTC_8c33e.dir/feature_tests.cxx.o
[2/2] Linking CXX executable cmTC_8c33e


    Feature record: CXX_FEATURE:0cxx_aggregate_default_initializers
    Feature record: CXX_FEATURE:1cxx_alias_templates
    Feature record: CXX_FEATURE:1cxx_alignas
    Feature record: CXX_FEATURE:1cxx_alignof
    Feature record: CXX_FEATURE:1cxx_attributes
    Feature record: CXX_FEATURE:0cxx_attribute_deprecated
    Feature record: CXX_FEATURE:1cxx_auto_type
    Feature record: CXX_FEATURE:0cxx_binary_literals
    Feature record: CXX_FEATURE:1cxx_constexpr
    Feature record: CXX_FEATURE:0cxx_contextual_conversions
    Feature record: CXX_FEATURE:1cxx_decltype
    Feature record: CXX_FEATURE:0cxx_decltype_auto
    Feature record: CXX_FEATURE:1cxx_decltype_incomplete_return_types
    Feature record: CXX_FEATURE:1cxx_default_function_template_args
    Feature record: CXX_FEATURE:1cxx_defaulted_functions
    Feature record: CXX_FEATURE:1cxx_defaulted_move_initializers
    Feature record: CXX_FEATURE:1cxx_delegating_constructors
    Feature record: CXX_FEATURE:1cxx_deleted_functions
    Feature record: CXX_FEATURE:0cxx_digit_separators
    Feature record: CXX_FEATURE:1cxx_enum_forward_declarations
    Feature record: CXX_FEATURE:1cxx_explicit_conversions
    Feature record: CXX_FEATURE:1cxx_extended_friend_declarations
    Feature record: CXX_FEATURE:1cxx_extern_templates
    Feature record: CXX_FEATURE:1cxx_final
    Feature record: CXX_FEATURE:1cxx_func_identifier
    Feature record: CXX_FEATURE:1cxx_generalized_initializers
    Feature record: CXX_FEATURE:0cxx_generic_lambdas
    Feature record: CXX_FEATURE:1cxx_inheriting_constructors
    Feature record: CXX_FEATURE:1cxx_inline_namespaces
    Feature record: CXX_FEATURE:1cxx_lambdas
    Feature record: CXX_FEATURE:0cxx_lambda_init_captures
    Feature record: CXX_FEATURE:1cxx_local_type_template_args
    Feature record: CXX_FEATURE:1cxx_long_long_type
    Feature record: CXX_FEATURE:1cxx_noexcept
    Feature record: CXX_FEATURE:1cxx_nonstatic_member_init
    Feature record: CXX_FEATURE:1cxx_nullptr
    Feature record: CXX_FEATURE:1cxx_override
    Feature record: CXX_FEATURE:1cxx_range_for
    Feature record: CXX_FEATURE:1cxx_raw_string_literals
    Feature record: CXX_FEATURE:1cxx_reference_qualified_functions
    Feature record: CXX_FEATURE:0cxx_relaxed_constexpr
    Feature record: CXX_FEATURE:0cxx_return_type_deduction
    Feature record: CXX_FEATURE:1cxx_right_angle_brackets
    Feature record: CXX_FEATURE:1cxx_rvalue_references
    Feature record: CXX_FEATURE:1cxx_sizeof_member
    Feature record: CXX_FEATURE:1cxx_static_assert
    Feature record: CXX_FEATURE:1cxx_strong_enums
    Feature record: CXX_FEATURE:1cxx_template_template_parameters
    Feature record: CXX_FEATURE:1cxx_thread_local
    Feature record: CXX_FEATURE:1cxx_trailing_return_types
    Feature record: CXX_FEATURE:1cxx_unicode_literals
    Feature record: CXX_FEATURE:1cxx_uniform_initialization
    Feature record: CXX_FEATURE:1cxx_unrestricted_unions
    Feature record: CXX_FEATURE:1cxx_user_literals
    Feature record: CXX_FEATURE:0cxx_variable_templates
    Feature record: CXX_FEATURE:1cxx_variadic_macros
    Feature record: CXX_FEATURE:1cxx_variadic_templates


Detecting CXX [-std=c++98] compiler features compiled with the following output:
Change Dir: /Users/szymonkapala/work/rea/react-native-reanimated/android/.cxx/cmake/debug/x86/CMakeFiles/CMakeTmp

Run Build Command:"/Users/szymonkapala/Library/Android/sdk/cmake/3.10.2.4988404/bin/ninja" "cmTC_5756f"
[1/2] Building CXX object CMakeFiles/cmTC_5756f.dir/feature_tests.cxx.o
[2/2] Linking CXX executable cmTC_5756f


    Feature record: CXX_FEATURE:0cxx_aggregate_default_initializers
    Feature record: CXX_FEATURE:0cxx_alias_templates
    Feature record: CXX_FEATURE:0cxx_alignas
    Feature record: CXX_FEATURE:0cxx_alignof
    Feature record: CXX_FEATURE:0cxx_attributes
    Feature record: CXX_FEATURE:0cxx_attribute_deprecated
    Feature record: CXX_FEATURE:0cxx_auto_type
    Feature record: CXX_FEATURE:0cxx_binary_literals
    Feature record: CXX_FEATURE:0cxx_constexpr
    Feature record: CXX_FEATURE:0cxx_contextual_conversions
    Feature record: CXX_FEATURE:0cxx_decltype
    Feature record: CXX_FEATURE:0cxx_decltype_auto
    Feature record: CXX_FEATURE:0cxx_decltype_incomplete_return_types
    Feature record: CXX_FEATURE:0cxx_default_function_template_args
    Feature record: CXX_FEATURE:0cxx_defaulted_functions
    Feature record: CXX_FEATURE:0cxx_defaulted_move_initializers
    Feature record: CXX_FEATURE:0cxx_delegating_constructors
    Feature record: CXX_FEATURE:0cxx_deleted_functions
    Feature record: CXX_FEATURE:0cxx_digit_separators
    Feature record: CXX_FEATURE:0cxx_enum_forward_declarations
    Feature record: CXX_FEATURE:0cxx_explicit_conversions
    Feature record: CXX_FEATURE:0cxx_extended_friend_declarations
    Feature record: CXX_FEATURE:0cxx_extern_templates
    Feature record: CXX_FEATURE:0cxx_final
    Feature record: CXX_FEATURE:0cxx_func_identifier
    Feature record: CXX_FEATURE:0cxx_generalized_initializers
    Feature record: CXX_FEATURE:0cxx_generic_lambdas
    Feature record: CXX_FEATURE:0cxx_inheriting_constructors
    Feature record: CXX_FEATURE:0cxx_inline_namespaces
    Feature record: CXX_FEATURE:0cxx_lambdas
    Feature record: CXX_FEATURE:0cxx_lambda_init_captures
    Feature record: CXX_FEATURE:0cxx_local_type_template_args
    Feature record: CXX_FEATURE:0cxx_long_long_type
    Feature record: CXX_FEATURE:0cxx_noexcept
    Feature record: CXX_FEATURE:0cxx_nonstatic_member_init
    Feature record: CXX_FEATURE:0cxx_nullptr
    Feature record: CXX_FEATURE:0cxx_override
    Feature record: CXX_FEATURE:0cxx_range_for
    Feature record: CXX_FEATURE:0cxx_raw_string_literals
    Feature record: CXX_FEATURE:0cxx_reference_qualified_functions
    Feature record: CXX_FEATURE:0cxx_relaxed_constexpr
    Feature record: CXX_FEATURE:0cxx_return_type_deduction
    Feature record: CXX_FEATURE:0cxx_right_angle_brackets
    Feature record: CXX_FEATURE:0cxx_rvalue_references
    Feature record: CXX_FEATURE:0cxx_sizeof_member
    Feature record: CXX_FEATURE:0cxx_static_assert
    Feature record: CXX_FEATURE:0cxx_strong_enums
    Feature record: CXX_FEATURE:1cxx_template_template_parameters
    Feature record: CXX_FEATURE:0cxx_thread_local
    Feature record: CXX_FEATURE:0cxx_trailing_return_types
    Feature record: CXX_FEATURE:0cxx_unicode_literals
    Feature record: CXX_FEATURE:0cxx_uniform_initialization
    Feature record: CXX_FEATURE:0cxx_unrestricted_unions
    Feature record: CXX_FEATURE:0cxx_user_literals
    Feature record: CXX_FEATURE:0cxx_variable_templates
    Feature record: CXX_FEATURE:0cxx_variadic_macros
    Feature record: CXX_FEATURE:0cxx_variadic_templates
